<?xml version="1.0" encoding="UTF-8"?>
<testng-results ignored="0" total="1" passed="1" failed="0" skipped="0">
  <reporter-output>
  </reporter-output>
  <suite started-at="2025-12-10T18:13:55 IST" name="Default suite" finished-at="2025-12-10T18:15:32 IST" duration-ms="96923">
    <groups>
    </groups>
    <test started-at="2025-12-10T18:13:55 IST" name="Default test" finished-at="2025-12-10T18:15:32 IST" duration-ms="96923">
      <class name="Marvet.Tests.AssessmentCriteriaCompliance">
        <test-method is-config="true" signature="launchApplication()[pri:0, instance:Marvet.Tests.AssessmentCriteriaCompliance@6989da5e]" started-at="2025-12-10T18:13:55 IST" name="launchApplication" finished-at="2025-12-10T18:14:10 IST" duration-ms="15117" status="PASS">
          <reporter-output>
          </reporter-output>
        </test-method> <!-- launchApplication -->
        <test-method signature="assessmentCriteriaCompliance()[pri:0, instance:Marvet.Tests.AssessmentCriteriaCompliance@6989da5e]" started-at="2025-12-10T18:14:10 IST" name="assessmentCriteriaCompliance" finished-at="2025-12-10T18:15:31 IST" duration-ms="81567" status="PASS">
          <reporter-output>
          </reporter-output>
        </test-method> <!-- assessmentCriteriaCompliance -->
      </class> <!-- Marvet.Tests.AssessmentCriteriaCompliance -->
    </test> <!-- Default test -->
  </suite> <!-- Default suite -->
</testng-results>
