<?xml version="1.0" encoding="UTF-8"?>
<testng-results ignored="0" total="1" passed="1" failed="0" skipped="0">
  <reporter-output>
  </reporter-output>
  <suite started-at="2026-02-04T18:22:00 IST" name="Suite" finished-at="2026-02-04T18:24:49 IST" duration-ms="168373">
    <groups>
    </groups>
    <test started-at="2026-02-04T18:22:00 IST" name="SmokeTest" finished-at="2026-02-04T18:24:49 IST" duration-ms="168373">
      <class name="Marvet.UserRoles.ChartererRole">
        <test-method signature="charterUserRole()[pri:0, instance:Marvet.UserRoles.ChartererRole@7e6f74c]" started-at="2026-02-04T18:22:01 IST" name="charterUserRole" finished-at="2026-02-04T18:24:49 IST" duration-ms="167704" status="PASS">
          <reporter-output>
          </reporter-output>
        </test-method> <!-- charterUserRole -->
      </class> <!-- Marvet.UserRoles.ChartererRole -->
    </test> <!-- SmokeTest -->
  </suite> <!-- Suite -->
</testng-results>
